<?xml version="1.0" encoding="UTF-8"?>
<!-- Generated by org.testng.reporters.JUnitReportReporter -->
<testsuite hostname="15R" name="com.qa.ApiTests.PutApiTest" tests="1" failures="0" timestamp="4 Apr 2019 17:23:54 GMT" time="1.989" errors="0">
  <testcase name="putAPiTest" time="1.989" classname="com.qa.ApiTests.PutApiTest"/>
</testsuite> <!-- com.qa.ApiTests.PutApiTest -->
