<?xml version="1.0" encoding="UTF-8"?>
<!-- Generated by org.testng.reporters.JUnitReportReporter -->
<testsuite hostname="15R" name="com.qa.ApiTests.PostApiTest" tests="1" failures="0" timestamp="26 Mar 2019 17:51:54 GMT" time="2.194" errors="0">
  <testcase name="postAPiTest" time="2.194" classname="com.qa.ApiTests.PostApiTest"/>
</testsuite> <!-- com.qa.ApiTests.PostApiTest -->
