<?xml version="1.0" encoding="UTF-8"?>
<!-- Generated by org.testng.reporters.JUnitReportReporter -->
<testsuite hostname="15R" name="com.qa.ApiTests.GetTest" tests="2" failures="0" timestamp="5 Mar 2019 15:16:25 GMT" time="2.594" errors="0">
  <testcase name="getTest" time="2.178" classname="com.qa.ApiTests.GetTest"/>
  <testcase name="getTestWithHeaders" time="0.416" classname="com.qa.ApiTests.GetTest"/>
</testsuite> <!-- com.qa.ApiTests.GetTest -->
